#! /usr/bin/vvp
:ivl_version "11.0 (stable)" "(v11_0)";
:ivl_delay_selection "TYPICAL";
:vpi_time_precision - 12;
:vpi_module "/usr/lib/ivl/system.vpi";
:vpi_module "/usr/lib/ivl/vhdl_sys.vpi";
:vpi_module "/usr/lib/ivl/vhdl_textio.vpi";
:vpi_module "/usr/lib/ivl/v2005_math.vpi";
:vpi_module "/usr/lib/ivl/va_math.vpi";
:vpi_module "/usr/lib/ivl/v2009.vpi";
S_0x560cf0aebb70 .scope package, "$unit" "$unit" 2 1;
 .timescale 0 0;
S_0x560cf0aebd00 .scope module, "top" "top" 3 24;
 .timescale -11 -12;
v0x560cf0afd940_0 .var "clk", 0 0;
v0x560cf0afd9e0_0 .var "in", 0 0;
v0x560cf0afda80_0 .net "out", 0 0, L_0x560cf0afdb80;  1 drivers
S_0x560cf0ab2e70 .scope module, "ff" "flipFlop" 3 31, 3 2 0, S_0x560cf0aebd00;
 .timescale 0 0;
    .port_info 0 /INPUT 1 "clk";
    .port_info 1 /INPUT 1 "data_in";
    .port_info 2 /OUTPUT 1 "data_out";
L_0x560cf0afdb80 .functor BUFZ 1, v0x560cf0afd800_0, C4<0>, C4<0>, C4<0>;
v0x560cf0ac50e0_0 .net "clk", 0 0, v0x560cf0afd940_0;  1 drivers
v0x560cf0ac4e80_0 .net "data_in", 0 0, v0x560cf0afd9e0_0;  1 drivers
v0x560cf0afd760_0 .net "data_out", 0 0, L_0x560cf0afdb80;  alias, 1 drivers
v0x560cf0afd800_0 .var "q", 0 0;
E_0x560cf0aeb0f0 .event posedge, v0x560cf0ac50e0_0;
    .scope S_0x560cf0ab2e70;
T_0 ;
    %wait E_0x560cf0aeb0f0;
    %load/vec4 v0x560cf0ac4e80_0;
    %assign/vec4 v0x560cf0afd800_0, 0;
    %jmp T_0;
    .thread T_0;
    .scope S_0x560cf0aebd00;
T_1 ;
    %delay 100, 0;
    %pushi/vec4 1, 0, 1;
    %store/vec4 v0x560cf0afd940_0, 0, 1;
    %delay 100, 0;
    %pushi/vec4 0, 0, 1;
    %store/vec4 v0x560cf0afd940_0, 0, 1;
    %jmp T_1;
    .thread T_1;
    .scope S_0x560cf0aebd00;
T_2 ;
    %vpi_call/w 3 36 "$monitor", "at clk=0x%h, for in=0x%h out=0x%h", v0x560cf0afd940_0, v0x560cf0afd9e0_0, v0x560cf0afda80_0 {0 0 0};
    %pushi/vec4 0, 0, 1;
    %store/vec4 v0x560cf0afd9e0_0, 0, 1;
    %delay 200, 0;
    %pushi/vec4 1, 0, 1;
    %store/vec4 v0x560cf0afd9e0_0, 0, 1;
    %delay 200, 0;
    %pushi/vec4 0, 0, 1;
    %store/vec4 v0x560cf0afd9e0_0, 0, 1;
    %delay 200, 0;
    %pushi/vec4 1, 0, 1;
    %store/vec4 v0x560cf0afd9e0_0, 0, 1;
    %vpi_call/w 3 42 "$finish" {0 0 0};
    %end;
    .thread T_2;
# The file index is used to find the file name in the following table.
:file_names 4;
    "N/A";
    "<interactive>";
    "-";
    "SystemVerilog/basics.sv";
